<?xml version="1.0" encoding="utf-8"?><testsuites name="pytest tests"><testsuite name="pytest" errors="0" failures="0" skipped="0" tests="9" time="3.744" timestamp="2026-03-03T08:13:20.226166+00:00" hostname="agent-env-2548405c-e731-474c-b2cd-17414ed5b027"><testcase classname="tests.test_role_based_auth_iter4.TestHealthAndBasicEndpoints" name="test_health_endpoint" time="1.158" /><testcase classname="tests.test_role_based_auth_iter4.TestHealthAndBasicEndpoints" name="test_live_lawyers_endpoint" time="0.569" /><testcase classname="tests.test_role_based_auth_iter4.TestClientRegistrationAndAuth" name="test_client_registration" time="0.460" /><testcase classname="tests.test_role_based_auth_iter4.TestClientRegistrationAndAuth" name="test_client_profile_fetch" time="0.217" /><testcase classname="tests.test_role_based_auth_iter4.TestLawyerRegistrationAndAuth" name="test_lawyer_registration" time="0.464" /><testcase classname="tests.test_role_based_auth_iter4.TestLawyerRegistrationAndAuth" name="test_lawyer_profile_fetch" time="0.176" /><testcase classname="tests.test_role_based_auth_iter4.TestRazorpayIntegration" name="test_razorpay_create_order" time="0.389" /><testcase classname="tests.test_role_based_auth_iter4.TestRazorpayIntegration" name="test_razorpay_verify_invalid_signature" time="0.112" /><testcase classname="tests.test_role_based_auth_iter4.TestWalletEndpoints" name="test_wallet_balance_fetch" time="0.137" /></testsuite></testsuites>