<?xml version="1.0" encoding="utf-8"?><testsuites name="pytest tests"><testsuite name="pytest" errors="0" failures="0" skipped="0" tests="15" time="6.128" timestamp="2026-03-20T16:53:44.102911+00:00" hostname="agent-env-1f8ea89d-dd7b-421c-bd66-d4a6d097d36b"><testcase classname="backend.tests.test_iter8_features.TestLiveLawyersAPI" name="test_live_lawyers_returns_data" time="0.936" /><testcase classname="backend.tests.test_iter8_features.TestLiveLawyersAPI" name="test_live_lawyers_have_required_fields" time="0.454" /><testcase classname="backend.tests.test_iter8_features.TestFiltersAPI" name="test_states_api_returns_36_plus_states" time="0.071" /><testcase classname="backend.tests.test_iter8_features.TestFiltersAPI" name="test_courts_api_returns_grouped_courts" time="0.084" /><testcase classname="backend.tests.test_iter8_features.TestFiltersAPI" name="test_chandigarh_courts" time="0.078" /><testcase classname="backend.tests.test_iter8_features.TestAuthAPIs" name="test_signin_returns_user_not_found_for_nonexistent" time="0.854" /><testcase classname="backend.tests.test_iter8_features.TestAuthAPIs" name="test_signin_requires_mobile_field" time="0.074" /><testcase classname="backend.tests.test_iter8_features.TestAuthAPIs" name="test_check_existing_returns_false_for_new_number" time="0.869" /><testcase classname="backend.tests.test_iter8_features.TestAuthAPIs" name="test_check_existing_requires_mobile" time="0.100" /><testcase classname="backend.tests.test_iter8_features.TestRegisterAPIs" name="test_register_lawyer_stores_both_mobile_and_phone" time="0.333" /><testcase classname="backend.tests.test_iter8_features.TestRegisterAPIs" name="test_register_lawyer_rejects_duplicate" time="0.462" /><testcase classname="backend.tests.test_iter8_features.TestRegisterClientAPI" name="test_register_client_stores_in_clients_collection" time="0.465" /><testcase classname="backend.tests.test_iter8_features.TestRegisterClientAPI" name="test_register_client_rejects_duplicate" time="0.790" /><testcase classname="backend.tests.test_iter8_features.TestWalletAPIs" name="test_wallet_get_returns_balance" time="0.154" /><testcase classname="backend.tests.test_iter8_features.TestWalletAPIs" name="test_wallet_recharge" time="0.324" /></testsuite></testsuites>