<?xml version="1.0" encoding="utf-8"?><testsuites name="pytest tests"><testsuite name="pytest" errors="0" failures="0" skipped="0" tests="15" time="0.310" timestamp="2026-01-26T14:14:08.704512+00:00" hostname="agent-env-c0a7d48f-d98a-40f8-aa45-57b1bc54ecfe"><testcase classname="tests.test_vakildesk_api.TestHealthEndpoint" name="test_health_endpoint_returns_healthy" time="0.004" /><testcase classname="tests.test_vakildesk_api.TestHealthEndpoint" name="test_root_endpoint" time="0.004" /><testcase classname="tests.test_vakildesk_api.TestAuthEndpoints" name="test_send_otp_success" time="0.002" /><testcase classname="tests.test_vakildesk_api.TestAuthEndpoints" name="test_check_existing_user_not_found" time="0.009" /><testcase classname="tests.test_vakildesk_api.TestAuthEndpoints" name="test_signin_user_not_found" time="0.003" /><testcase classname="tests.test_vakildesk_api.TestAuthEndpoints" name="test_register_lawyer_success" time="0.065" /><testcase classname="tests.test_vakildesk_api.TestCasesEndpoints" name="test_get_cases_empty_list" time="0.009" /><testcase classname="tests.test_vakildesk_api.TestCasesEndpoints" name="test_create_client_and_case_with_hearing_time" time="0.020" /><testcase classname="tests.test_vakildesk_api.TestCasesEndpoints" name="test_cases_unauthorized_access" time="0.004" /><testcase classname="tests.test_vakildesk_api.TestCasesEndpoints" name="test_cases_invalid_token" time="0.004" /><testcase classname="tests.test_vakildesk_api.TestClientsEndpoints" name="test_create_client" time="0.005" /><testcase classname="tests.test_vakildesk_api.TestClientsEndpoints" name="test_get_clients_list" time="0.005" /><testcase classname="tests.test_vakildesk_api.TestWebhookIntegration" name="test_webhook_url_configured" time="0.000" /><testcase classname="tests.test_vakildesk_api.TestWebhookIntegration" name="test_webhook_payload_structure" time="0.000" /><testcase classname="tests.test_vakildesk_api.TestDashboardEndpoints" name="test_dashboard_stats" time="0.015" /></testsuite></testsuites>