<?xml version="1.0" encoding="utf-8"?><testsuites name="pytest tests"><testsuite name="pytest" errors="0" failures="0" skipped="0" tests="11" time="6.134" timestamp="2026-03-19T16:39:41.282349+00:00" hostname="agent-env-2548405c-e731-474c-b2cd-17414ed5b027"><testcase classname="tests.test_iter7_features.TestBackendHealth" name="test_backend_reachable" time="1.122" /><testcase classname="tests.test_iter7_features.TestLiveLawyersRate" name="test_all_lawyers_rate_20" time="0.463" /><testcase classname="tests.test_iter7_features.TestWalletDeductSplit" name="test_deduct_66_34_split" time="1.564" /><testcase classname="tests.test_iter7_features.TestWalletWithdraw" name="test_withdraw_minimum_100" time="0.455" /><testcase classname="tests.test_iter7_features.TestWalletWithdraw" name="test_withdraw_success" time="0.658" /><testcase classname="tests.test_iter7_features.TestWalletWithdraw" name="test_withdraw_insufficient_balance" time="0.185" /><testcase classname="tests.test_iter7_features.TestLawyerEarnings" name="test_earnings_endpoint" time="0.488" /><testcase classname="tests.test_iter7_features.TestAuthSignIn" name="test_signin_requires_mobile" time="0.071" /><testcase classname="tests.test_iter7_features.TestAuthSignIn" name="test_signin_nonexistent_user" time="0.219" /><testcase classname="tests.test_iter7_features.TestRegisterClient" name="test_register_client_returns_client_role" time="0.300" /><testcase classname="tests.test_iter7_features.TestRegisterClient" name="test_register_client_duplicate" time="0.548" /></testsuite></testsuites>