<?xml version="1.0" encoding="utf-8"?><testsuites name="pytest tests"><testsuite name="pytest" errors="0" failures="0" skipped="0" tests="11" time="4.177" timestamp="2026-03-19T06:23:57.921956+00:00" hostname="agent-env-2548405c-e731-474c-b2cd-17414ed5b027"><testcase classname="backend.tests.test_auth_wallet_iter6.TestHealthCheck" name="test_backend_reachable_via_live_lawyers" time="0.878" /><testcase classname="backend.tests.test_auth_wallet_iter6.TestLiveLawyersRate" name="test_live_lawyers_returns_rate_20" time="0.440" /><testcase classname="backend.tests.test_auth_wallet_iter6.TestWalletRechargeAndDeduct" name="test_wallet_recharge_credits_wallet" time="0.788" /><testcase classname="backend.tests.test_auth_wallet_iter6.TestWalletRechargeAndDeduct" name="test_wallet_deduct_split_66_34" time="1.095" /><testcase classname="backend.tests.test_auth_wallet_iter6.TestSignInChecksBothCollections" name="test_signin_nonexistent_user_returns_not_found" time="0.245" /><testcase classname="backend.tests.test_auth_wallet_iter6.TestSignInChecksBothCollections" name="test_signin_requires_mobile" time="0.039" /><testcase classname="backend.tests.test_auth_wallet_iter6.TestCheckExistingBothCollections" name="test_check_existing_nonexistent_returns_false" time="0.192" /><testcase classname="backend.tests.test_auth_wallet_iter6.TestCheckExistingBothCollections" name="test_check_existing_requires_mobile" time="0.043" /><testcase classname="backend.tests.test_auth_wallet_iter6.TestRegisterClient" name="test_register_client_endpoint_exists" time="0.293" /><testcase classname="backend.tests.test_auth_wallet_iter6.TestCourtsEndpoint" name="test_chandigarh_courts_returns_grouped" time="0.047" /><testcase classname="backend.tests.test_auth_wallet_iter6.TestProfileUpdateCollection" name="test_profile_update_endpoint_requires_auth" time="0.052" /></testsuite></testsuites>