<?xml version="1.0" encoding="utf-8"?><testsuites name="pytest tests"><testsuite name="pytest" errors="0" failures="0" skipped="0" tests="17" time="8.604" timestamp="2026-02-26T10:18:54.749339+00:00" hostname="agent-env-2548405c-e731-474c-b2cd-17414ed5b027"><testcase classname="backend.tests.test_vakildot_api.TestHealthEndpoint" name="test_health_endpoint_internal" time="0.004" /><testcase classname="backend.tests.test_vakildot_api.TestHealthEndpoint" name="test_root_endpoint" time="0.003" /><testcase classname="backend.tests.test_vakildot_api.TestLiveLawyersEndpoint" name="test_get_live_lawyers_returns_list" time="1.121" /><testcase classname="backend.tests.test_vakildot_api.TestPWAEndpoints" name="test_manifest_json_served" time="0.490" /><testcase classname="backend.tests.test_vakildot_api.TestPWAEndpoints" name="test_service_worker_served" time="0.115" /><testcase classname="backend.tests.test_vakildot_api.TestPWAEndpoints" name="test_pwa_icons_accessible" time="0.277" /><testcase classname="backend.tests.test_vakildot_api.TestAuthEndpoints" name="test_check_existing_user_not_found" time="0.092" /><testcase classname="backend.tests.test_vakildot_api.TestAuthEndpoints" name="test_signin_user_not_found" time="0.306" /><testcase classname="backend.tests.test_vakildot_api.TestAuthEndpoints" name="test_register_lawyer_success" time="0.511" /><testcase classname="backend.tests.test_vakildot_api.TestClientEndpoints" name="test_client_my_lawyer_endpoint_exists" time="0.595" /><testcase classname="backend.tests.test_vakildot_api.TestClientEndpoints" name="test_client_my_cases_endpoint_exists" time="0.648" /><testcase classname="backend.tests.test_vakildot_api.TestClientEndpoints" name="test_client_endpoints_require_auth" time="0.397" /><testcase classname="backend.tests.test_vakildot_api.TestProfileUploadEndpoint" name="test_profile_upload_photo_endpoint_exists" time="0.500" /><testcase classname="backend.tests.test_vakildot_api.TestCasesEndpoints" name="test_get_cases_empty_list" time="0.773" /><testcase classname="backend.tests.test_vakildot_api.TestCasesEndpoints" name="test_create_client_and_case" time="2.124" /><testcase classname="backend.tests.test_vakildot_api.TestCasesEndpoints" name="test_cases_unauthorized_access" time="0.169" /><testcase classname="backend.tests.test_vakildot_api.TestDashboardEndpoints" name="test_dashboard_stats" time="0.387" /></testsuite></testsuites>