<?xml version="1.0" encoding="utf-8"?><testsuites name="pytest tests"><testsuite name="pytest" errors="0" failures="0" skipped="0" tests="11" time="4.848" timestamp="2026-03-03T10:29:14.667978+00:00" hostname="agent-env-2548405c-e731-474c-b2cd-17414ed5b027"><testcase classname="backend.tests.test_wallet_courts_iter5.TestWalletFirestore" name="test_health_check" time="0.122" /><testcase classname="backend.tests.test_wallet_courts_iter5.TestWalletFirestore" name="test_wallet_recharge" time="0.956" /><testcase classname="backend.tests.test_wallet_courts_iter5.TestWalletFirestore" name="test_wallet_balance_after_recharge" time="0.840" /><testcase classname="backend.tests.test_wallet_courts_iter5.TestWalletFirestore" name="test_wallet_multiple_recharges" time="1.211" /><testcase classname="backend.tests.test_wallet_courts_iter5.TestRazorpayIntegration" name="test_create_order" time="0.471" /><testcase classname="backend.tests.test_wallet_courts_iter5.TestCourtsGrouped" name="test_get_states" time="0.082" /><testcase classname="backend.tests.test_wallet_courts_iter5.TestCourtsGrouped" name="test_chandigarh_courts_grouped" time="0.093" /><testcase classname="backend.tests.test_wallet_courts_iter5.TestCourtsGrouped" name="test_delhi_courts_grouped" time="0.083" /><testcase classname="backend.tests.test_wallet_courts_iter5.TestCourtsGrouped" name="test_national_courts" time="0.093" /><testcase classname="backend.tests.test_wallet_courts_iter5.TestLiveLawyersRate" name="test_live_lawyers_rate" time="0.545" /><testcase classname="backend.tests.test_wallet_courts_iter5.TestBillingHistory" name="test_billing_history_empty_user" time="0.279" /></testsuite></testsuites>