<?xml version="1.0" encoding="utf-8"?><testsuites name="pytest tests"><testsuite name="pytest" errors="0" failures="0" skipped="0" tests="18" time="4.890" timestamp="2026-03-22T16:53:01.311713+00:00" hostname="agent-env-1f8ea89d-dd7b-421c-bd66-d4a6d097d36b"><testcase classname="tests.test_iter10_auth_notifications.TestHealthCheck" name="test_health_endpoint" time="0.126" /><testcase classname="tests.test_iter10_auth_notifications.TestHealthCheck" name="test_api_auth_check_existing_endpoint" time="1.066" /><testcase classname="tests.test_iter10_auth_notifications.TestAuthRegister" name="test_register_returns_existing_user_by_mobile" time="0.305" /><testcase classname="tests.test_iter10_auth_notifications.TestAuthRegister" name="test_register_returns_existing_user_by_firebase_uid" time="0.426" /><testcase classname="tests.test_iter10_auth_notifications.TestAuthSignin" name="test_signin_finds_user_by_firebase_uid" time="0.150" /><testcase classname="tests.test_iter10_auth_notifications.TestAuthSignin" name="test_signin_finds_user_by_mobile_without_firebase_uid" time="0.144" /><testcase classname="tests.test_iter10_auth_notifications.TestAuthSignin" name="test_signin_returns_false_for_nonexistent_user" time="0.577" /><testcase classname="tests.test_iter10_auth_notifications.TestAuthRegisterClient" name="test_register_client_with_firebase_uid" time="0.151" /><testcase classname="tests.test_iter10_auth_notifications.TestNotificationPolling" name="test_active_call_endpoint_returns_no_call" time="0.151" /><testcase classname="tests.test_iter10_auth_notifications.TestNotificationPolling" name="test_call_action_endpoint_no_pending_call" time="0.136" /><testcase classname="tests.test_iter10_auth_notifications.TestNotificationPolling" name="test_incoming_call_notification_storage" time="0.378" /><testcase classname="tests.test_iter10_auth_notifications.TestFiltersAPI" name="test_states_api_returns_36_plus_states" time="0.091" /><testcase classname="tests.test_iter10_auth_notifications.TestFiltersAPI" name="test_courts_api_returns_grouped_courts" time="0.075" /><testcase classname="tests.test_iter10_auth_notifications.TestFiltersAPI" name="test_courts_api_punjab" time="0.074" /><testcase classname="tests.test_iter10_auth_notifications.TestAgoraToken" name="test_agora_token_valid_format" time="0.066" /><testcase classname="tests.test_iter10_auth_notifications.TestLiveLawyers" name="test_live_lawyers_endpoint" time="0.388" /><testcase classname="tests.test_iter10_auth_notifications.TestCheckExisting" name="test_check_existing_finds_user" time="0.145" /><testcase classname="tests.test_iter10_auth_notifications.TestCheckExisting" name="test_check_existing_returns_false_for_nonexistent" time="0.358" /></testsuite></testsuites>