<?xml version="1.0" encoding="utf-8"?><testsuites name="pytest tests"><testsuite name="pytest" errors="0" failures="0" skipped="0" tests="14" time="4.129" timestamp="2026-03-21T11:36:52.155753+00:00" hostname="agent-env-1f8ea89d-dd7b-421c-bd66-d4a6d097d36b"><testcase classname="backend.tests.test_iter9_otp_lazy_loading.TestAuthAPIs" name="test_signin_finds_existing_user" time="0.643" /><testcase classname="backend.tests.test_iter9_otp_lazy_loading.TestAuthAPIs" name="test_signin_returns_false_for_nonexistent_user" time="0.831" /><testcase classname="backend.tests.test_iter9_otp_lazy_loading.TestAuthAPIs" name="test_check_existing_finds_user" time="0.154" /><testcase classname="backend.tests.test_iter9_otp_lazy_loading.TestAuthAPIs" name="test_check_existing_returns_false_for_nonexistent" time="0.845" /><testcase classname="backend.tests.test_iter9_otp_lazy_loading.TestAgoraToken" name="test_agora_token_returns_proper_token" time="0.093" /><testcase classname="backend.tests.test_iter9_otp_lazy_loading.TestAgoraToken" name="test_agora_token_with_custom_uid" time="0.078" /><testcase classname="backend.tests.test_iter9_otp_lazy_loading.TestFiltersAPIs" name="test_states_api_returns_36_states" time="0.065" /><testcase classname="backend.tests.test_iter9_otp_lazy_loading.TestFiltersAPIs" name="test_courts_api_returns_grouped_courts_delhi" time="0.077" /><testcase classname="backend.tests.test_iter9_otp_lazy_loading.TestFiltersAPIs" name="test_courts_api_returns_grouped_courts_punjab" time="0.109" /><testcase classname="backend.tests.test_iter9_otp_lazy_loading.TestFiltersAPIs" name="test_courts_api_national" time="0.079" /><testcase classname="backend.tests.test_iter9_otp_lazy_loading.TestLiveLawyersAPI" name="test_live_lawyers_returns_lawyers" time="0.514" /><testcase classname="backend.tests.test_iter9_otp_lazy_loading.TestLiveLawyersAPI" name="test_live_lawyers_includes_known_lawyers" time="0.299" /><testcase classname="backend.tests.test_iter9_otp_lazy_loading.TestWalletAPI" name="test_wallet_get_balance" time="0.136" /><testcase classname="backend.tests.test_iter9_otp_lazy_loading.TestWalletAPI" name="test_live_status_endpoint" time="0.127" /></testsuite></testsuites>