<?xml version="1.0" encoding="utf-8"?><testsuites name="pytest tests"><testsuite name="pytest" errors="0" failures="0" skipped="0" tests="13" time="2.966" timestamp="2026-03-03T05:15:36.025930+00:00" hostname="agent-env-2548405c-e731-474c-b2cd-17414ed5b027"><testcase classname="backend.tests.test_live_consultation_iter3.TestHealthEndpoint" name="test_health_check_via_localhost" time="0.003" /><testcase classname="backend.tests.test_live_consultation_iter3.TestLiveLawyersEndpoint" name="test_get_live_lawyers" time="0.786" /><testcase classname="backend.tests.test_live_consultation_iter3.TestRazorpayIntegration" name="test_create_razorpay_order" time="0.389" /><testcase classname="backend.tests.test_live_consultation_iter3.TestRazorpayIntegration" name="test_verify_razorpay_invalid_signature" time="0.108" /><testcase classname="backend.tests.test_live_consultation_iter3.TestAgoraTokenGeneration" name="test_get_agora_token" time="0.071" /><testcase classname="backend.tests.test_live_consultation_iter3.TestWalletEndpoints" name="test_get_wallet_balance" time="0.160" /><testcase classname="backend.tests.test_live_consultation_iter3.TestWalletEndpoints" name="test_wallet_recharge" time="0.086" /><testcase classname="backend.tests.test_live_consultation_iter3.TestWalletEndpoints" name="test_wallet_deduct" time="0.116" /><testcase classname="backend.tests.test_live_consultation_iter3.TestFiltersEndpoints" name="test_get_states" time="0.081" /><testcase classname="backend.tests.test_live_consultation_iter3.TestFiltersEndpoints" name="test_get_courts_for_delhi" time="0.067" /><testcase classname="backend.tests.test_live_consultation_iter3.TestFiltersEndpoints" name="test_get_courts_for_maharashtra" time="0.085" /><testcase classname="backend.tests.test_live_consultation_iter3.TestSessionEndpoints" name="test_start_session" time="0.073" /><testcase classname="backend.tests.test_live_consultation_iter3.TestWebhookEndpoint" name="test_send_webhook_notification" time="0.864" /></testsuite></testsuites>